  DotLight.cpp
  Enemy.cpp
D:\Computer Graphics\Program\Student\Project\Project2\Metal Slug X\Metal Slug X\Enemy.h(27,1): warning C4305: '正在初始化': 從 'double' 轉換為 'float'，是由較大的類型轉換為較小的類型，可能導致資料遺失
  EnemyAttack.cpp
D:\Computer Graphics\Program\Student\Project\Project2\Metal Slug X\Metal Slug X\EnemyAttack.cpp(19,26): warning C4244: '=': 將 'double' 轉換為 'T'，由於類型不同，可能導致資料遺失
          with
          [
              T=float
          ]
D:\Computer Graphics\Program\Student\Project\Project2\Metal Slug X\Metal Slug X\EnemyAttack.cpp(20,26): warning C4244: '=': 將 'double' 轉換為 'T'，由於類型不同，可能導致資料遺失
          with
          [
              T=float
          ]
D:\Computer Graphics\Program\Student\Project\Project2\Metal Slug X\Metal Slug X\EnemyAttack.cpp(23,26): warning C4244: '=': 將 'double' 轉換為 'T'，由於類型不同，可能導致資料遺失
          with
          [
              T=float
          ]
D:\Computer Graphics\Program\Student\Project\Project2\Metal Slug X\Metal Slug X\EnemyAttack.cpp(24,26): warning C4244: '=': 將 'double' 轉換為 'T'，由於類型不同，可能導致資料遺失
          with
          [
              T=float
          ]
  FrameEffectManager.cpp
D:\Computer Graphics\Program\Student\Project\Project2\Metal Slug X\Metal Slug X\FrameEffectManager.cpp(118,39): warning C4305: '-=': 從 'double' 轉換為 'float'，是由較大的類型轉換為較小的類型，可能導致資料遺失
  main.cpp
D:\Computer Graphics\Program\Student\Project\Project2\Metal Slug X\Metal Slug X\MarcoAttack.h(53,92): warning C4305: '正在初始化': 從 'double' 轉換為 'float'，是由較大的類型轉換為較小的類型，可能導致資料遺失
D:\Computer Graphics\Program\Student\Project\Project2\Metal Slug X\Metal Slug X\MarcoAttack.h(54,123): warning C4305: '正在初始化': 從 'double' 轉換為 'float'，是由較大的類型轉換為較小的類型，可能導致資料遺失
D:\Computer Graphics\Program\Student\Project\Project2\Metal Slug X\Metal Slug X\MarcoAttack.h(55,56): warning C4305: '正在初始化': 從 'double' 轉換為 'float'，是由較大的類型轉換為較小的類型，可能導致資料遺失
D:\Computer Graphics\Program\Student\Project\Project2\Metal Slug X\Metal Slug X\MarcoAttack.h(56,58): warning C4305: '正在初始化': 從 'double' 轉換為 'float'，是由較大的類型轉換為較小的類型，可能導致資料遺失
D:\Computer Graphics\Program\Student\Project\Project2\Metal Slug X\Metal Slug X\Enemy.h(27,1): warning C4305: '正在初始化': 從 'double' 轉換為 'float'，是由較大的類型轉換為較小的類型，可能導致資料遺失
D:\Computer Graphics\Program\Student\Project\Project2\Metal Slug X\Metal Slug X\Scene.h(4,1): warning C4005: 'TEX_SIZE_WIDTH': 巨集重複定義
D:\Computer Graphics\Program\Student\Project\Project2\Metal Slug X\Metal Slug X\Marco.h(9): message : 請參閱 'TEX_SIZE_WIDTH' 之前的定義
D:\Computer Graphics\Program\Student\Project\Project2\Metal Slug X\Metal Slug X\main.cpp(108,12): warning C4244: '引數': 將 'time_t' 轉換為 'unsigned int'，由於類型不同，可能導致資料遺失
D:\Computer Graphics\Program\Student\Project\Project2\Metal Slug X\Metal Slug X\main.cpp(215,20): warning C4018: '<': signed/unsigned 不相符
D:\Computer Graphics\Program\Student\Project\Project2\Metal Slug X\Metal Slug X\main.cpp(216,72): warning C4305: '引數': 從 'double' 轉換為 'float'，是由較大的類型轉換為較小的類型，可能導致資料遺失
D:\Computer Graphics\Program\Student\Project\Project2\Metal Slug X\Metal Slug X\main.cpp(509,15): warning C4244: '=': 將 'double' 轉換為 'float'，由於類型不同，可能導致資料遺失
D:\Computer Graphics\Program\Student\Project\Project2\Metal Slug X\Metal Slug X\main.cpp(529,23): warning C4018: '<': signed/unsigned 不相符
D:\Computer Graphics\Program\Student\Project\Project2\Metal Slug X\Metal Slug X\main.cpp(879,56): warning C4129: 'd': 無法辨識的字元逸出序列
D:\Computer Graphics\Program\Student\Project\Project2\Metal Slug X\Metal Slug X\main.cpp(955,23): warning C4018: '<': signed/unsigned 不相符
D:\Computer Graphics\Program\Student\Project\Project2\Metal Slug X\Metal Slug X\main.cpp(1087,23): warning C4018: '<': signed/unsigned 不相符
  Marco.cpp
D:\Computer Graphics\Program\Student\Project\Project2\Metal Slug X\Metal Slug X\Marco.cpp(221,42): warning C4305: '=': 從 'double' 轉換為 'T'，是由較大的類型轉換為較小的類型，可能導致資料遺失
          with
          [
              T=float
          ]
  MarcoAttack.cpp
D:\Computer Graphics\Program\Student\Project\Project2\Metal Slug X\Metal Slug X\MarcoAttack.h(53,92): warning C4305: '正在初始化': 從 'double' 轉換為 'float'，是由較大的類型轉換為較小的類型，可能導致資料遺失
D:\Computer Graphics\Program\Student\Project\Project2\Metal Slug X\Metal Slug X\MarcoAttack.h(54,123): warning C4305: '正在初始化': 從 'double' 轉換為 'float'，是由較大的類型轉換為較小的類型，可能導致資料遺失
D:\Computer Graphics\Program\Student\Project\Project2\Metal Slug X\Metal Slug X\MarcoAttack.h(55,56): warning C4305: '正在初始化': 從 'double' 轉換為 'float'，是由較大的類型轉換為較小的類型，可能導致資料遺失
D:\Computer Graphics\Program\Student\Project\Project2\Metal Slug X\Metal Slug X\MarcoAttack.h(56,58): warning C4305: '正在初始化': 從 'double' 轉換為 'float'，是由較大的類型轉換為較小的類型，可能導致資料遺失
D:\Computer Graphics\Program\Student\Project\Project2\Metal Slug X\Metal Slug X\MarcoAttack.cpp(18,26): warning C4244: '=': 將 'double' 轉換為 'T'，由於類型不同，可能導致資料遺失
          with
          [
              T=float
          ]
D:\Computer Graphics\Program\Student\Project\Project2\Metal Slug X\Metal Slug X\MarcoAttack.cpp(19,26): warning C4244: '=': 將 'double' 轉換為 'T'，由於類型不同，可能導致資料遺失
          with
          [
              T=float
          ]
D:\Computer Graphics\Program\Student\Project\Project2\Metal Slug X\Metal Slug X\MarcoAttack.cpp(23,26): warning C4244: '=': 將 'double' 轉換為 'T'，由於類型不同，可能導致資料遺失
          with
          [
              T=float
          ]
D:\Computer Graphics\Program\Student\Project\Project2\Metal Slug X\Metal Slug X\MarcoAttack.cpp(24,26): warning C4244: '=': 將 'double' 轉換為 'T'，由於類型不同，可能導致資料遺失
          with
          [
              T=float
          ]
D:\Computer Graphics\Program\Student\Project\Project2\Metal Slug X\Metal Slug X\MarcoAttack.cpp(29,26): warning C4244: '=': 將 'double' 轉換為 'T'，由於類型不同，可能導致資料遺失
          with
          [
              T=float
          ]
D:\Computer Graphics\Program\Student\Project\Project2\Metal Slug X\Metal Slug X\MarcoAttack.cpp(38,26): warning C4244: '=': 將 'double' 轉換為 'T'，由於類型不同，可能導致資料遺失
          with
          [
              T=float
          ]
D:\Computer Graphics\Program\Student\Project\Project2\Metal Slug X\Metal Slug X\MarcoAttack.cpp(41,26): warning C4244: '=': 將 'double' 轉換為 'T'，由於類型不同，可能導致資料遺失
          with
          [
              T=float
          ]
D:\Computer Graphics\Program\Student\Project\Project2\Metal Slug X\Metal Slug X\MarcoAttack.cpp(43,25): warning C4244: '=': 將 'double' 轉換為 'T'，由於類型不同，可能導致資料遺失
          with
          [
              T=float
          ]
  NumberObject.cpp
  Object.cpp
D:\Computer Graphics\Program\Student\Project\Project2\Metal Slug X\Metal Slug X\Object.cpp(5,1): warning C4819: 檔案含有無法在目前字碼頁 (950) 中表示的字元。請以 Unicode 格式儲存檔案以防止資料遺失
D:\Computer Graphics\Program\Student\Project\Project2\Metal Slug X\Metal Slug X\Object.cpp(21,30): warning C4244: '=': 將 'double' 轉換為 'T'，由於類型不同，可能導致資料遺失
          with
          [
              T=float
          ]
  PointSprite.cpp
D:\Computer Graphics\Program\Student\Project\Project2\Metal Slug X\Metal Slug X\PointSprite.cpp(20,24): warning C4018: '<': signed/unsigned 不相符
D:\Computer Graphics\Program\Student\Project\Project2\Metal Slug X\Metal Slug X\PointSprite.cpp(21,25): warning C4018: '<': signed/unsigned 不相符
D:\Computer Graphics\Program\Student\Project\Project2\Metal Slug X\Metal Slug X\PointSprite.cpp(117,26): warning C4244: '=': 將 'float' 轉換為 'int'，由於類型不同，可能導致資料遺失
  Scene.cpp
D:\Computer Graphics\Program\Student\Project\Project2\Metal Slug X\Metal Slug X\Scene.cpp(78,34): warning C4305: '=': 從 'double' 轉換為 'T'，是由較大的類型轉換為較小的類型，可能導致資料遺失
          with
          [
              T=float
          ]
  Sprite2D.cpp
D:\Computer Graphics\Program\Student\Project\Project2\Metal Slug X\Metal Slug X\Sprite2D.cpp(15,24): warning C4018: '<': signed/unsigned 不相符
D:\Computer Graphics\Program\Student\Project\Project2\Metal Slug X\Metal Slug X\Sprite2D.cpp(17,25): warning C4018: '<': signed/unsigned 不相符
  SpriteObject.cpp
D:\Computer Graphics\Program\Student\Project\Project2\Metal Slug X\Metal Slug X\SpriteObject.cpp(42,23): warning C4244: '=': 將 'int' 轉換為 'float'，由於類型不同，可能導致資料遺失
LINK : warning LNK4098: 預設的程式庫 'LIBCMT' 與其他使用的程式庫衝突，請使用 /NODEFAULTLIB:library
LINK : warning LNK4098: 預設的程式庫 'MSVCRTD' 與其他使用的程式庫衝突，請使用 /NODEFAULTLIB:library
  正在產生程式碼
  Previous IPDB was built with incompatible compiler, fall back to full compilation.
  All 813 functions were compiled because no usable IPDB/IOBJ from previous compilation was found.
  已完成程式碼產生
glew32s.lib(glew.obj) : warning LNK4099: 找不到 PDB 'glew_static.pdb' (有 'glew32s.lib(glew.obj)' 或位於 'D:\Computer Graphics\Program\Student\Project\Project2\Metal Slug X\Release\glew_static.pdb')，當做沒有偵錯資訊，連結物件
freeglut_staticd.lib(fg_callbacks.obj) : warning LNK4099: 找不到 PDB 'freeglut_static.pdb' (有 'freeglut_staticd.lib(fg_callbacks.obj)' 或位於 'D:\Computer Graphics\Program\Student\Project\Project2\Metal Slug X\Release\freeglut_static.pdb')，當做沒有偵錯資訊，連結物件
freeglut_staticd.lib(fg_cursor.obj) : warning LNK4099: 找不到 PDB 'freeglut_static.pdb' (有 'freeglut_staticd.lib(fg_cursor.obj)' 或位於 'D:\Computer Graphics\Program\Student\Project\Project2\Metal Slug X\Release\freeglut_static.pdb')，當做沒有偵錯資訊，連結物件
freeglut_staticd.lib(fg_display.obj) : warning LNK4099: 找不到 PDB 'freeglut_static.pdb' (有 'freeglut_staticd.lib(fg_display.obj)' 或位於 'D:\Computer Graphics\Program\Student\Project\Project2\Metal Slug X\Release\freeglut_static.pdb')，當做沒有偵錯資訊，連結物件
freeglut_staticd.lib(fg_ext.obj) : warning LNK4099: 找不到 PDB 'freeglut_static.pdb' (有 'freeglut_staticd.lib(fg_ext.obj)' 或位於 'D:\Computer Graphics\Program\Student\Project\Project2\Metal Slug X\Release\freeglut_static.pdb')，當做沒有偵錯資訊，連結物件
freeglut_staticd.lib(fg_font_data.obj) : warning LNK4099: 找不到 PDB 'freeglut_static.pdb' (有 'freeglut_staticd.lib(fg_font_data.obj)' 或位於 'D:\Computer Graphics\Program\Student\Project\Project2\Metal Slug X\Release\freeglut_static.pdb')，當做沒有偵錯資訊，連結物件
freeglut_staticd.lib(fg_gamemode.obj) : warning LNK4099: 找不到 PDB 'freeglut_static.pdb' (有 'freeglut_staticd.lib(fg_gamemode.obj)' 或位於 'D:\Computer Graphics\Program\Student\Project\Project2\Metal Slug X\Release\freeglut_static.pdb')，當做沒有偵錯資訊，連結物件
freeglut_staticd.lib(fg_geometry.obj) : warning LNK4099: 找不到 PDB 'freeglut_static.pdb' (有 'freeglut_staticd.lib(fg_geometry.obj)' 或位於 'D:\Computer Graphics\Program\Student\Project\Project2\Metal Slug X\Release\freeglut_static.pdb')，當做沒有偵錯資訊，連結物件
freeglut_staticd.lib(fg_gl2.obj) : warning LNK4099: 找不到 PDB 'freeglut_static.pdb' (有 'freeglut_staticd.lib(fg_gl2.obj)' 或位於 'D:\Computer Graphics\Program\Student\Project\Project2\Metal Slug X\Release\freeglut_static.pdb')，當做沒有偵錯資訊，連結物件
freeglut_staticd.lib(fg_init.obj) : warning LNK4099: 找不到 PDB 'freeglut_static.pdb' (有 'freeglut_staticd.lib(fg_init.obj)' 或位於 'D:\Computer Graphics\Program\Student\Project\Project2\Metal Slug X\Release\freeglut_static.pdb')，當做沒有偵錯資訊，連結物件
freeglut_staticd.lib(fg_input_devices.obj) : warning LNK4099: 找不到 PDB 'freeglut_static.pdb' (有 'freeglut_staticd.lib(fg_input_devices.obj)' 或位於 'D:\Computer Graphics\Program\Student\Project\Project2\Metal Slug X\Release\freeglut_static.pdb')，當做沒有偵錯資訊，連結物件
freeglut_staticd.lib(fg_joystick.obj) : warning LNK4099: 找不到 PDB 'freeglut_static.pdb' (有 'freeglut_staticd.lib(fg_joystick.obj)' 或位於 'D:\Computer Graphics\Program\Student\Project\Project2\Metal Slug X\Release\freeglut_static.pdb')，當做沒有偵錯資訊，連結物件
freeglut_staticd.lib(fg_main.obj) : warning LNK4099: 找不到 PDB 'freeglut_static.pdb' (有 'freeglut_staticd.lib(fg_main.obj)' 或位於 'D:\Computer Graphics\Program\Student\Project\Project2\Metal Slug X\Release\freeglut_static.pdb')，當做沒有偵錯資訊，連結物件
freeglut_staticd.lib(fg_misc.obj) : warning LNK4099: 找不到 PDB 'freeglut_static.pdb' (有 'freeglut_staticd.lib(fg_misc.obj)' 或位於 'D:\Computer Graphics\Program\Student\Project\Project2\Metal Slug X\Release\freeglut_static.pdb')，當做沒有偵錯資訊，連結物件
freeglut_staticd.lib(fg_overlay.obj) : warning LNK4099: 找不到 PDB 'freeglut_static.pdb' (有 'freeglut_staticd.lib(fg_overlay.obj)' 或位於 'D:\Computer Graphics\Program\Student\Project\Project2\Metal Slug X\Release\freeglut_static.pdb')，當做沒有偵錯資訊，連結物件
freeglut_staticd.lib(fg_spaceball.obj) : warning LNK4099: 找不到 PDB 'freeglut_static.pdb' (有 'freeglut_staticd.lib(fg_spaceball.obj)' 或位於 'D:\Computer Graphics\Program\Student\Project\Project2\Metal Slug X\Release\freeglut_static.pdb')，當做沒有偵錯資訊，連結物件
freeglut_staticd.lib(fg_state.obj) : warning LNK4099: 找不到 PDB 'freeglut_static.pdb' (有 'freeglut_staticd.lib(fg_state.obj)' 或位於 'D:\Computer Graphics\Program\Student\Project\Project2\Metal Slug X\Release\freeglut_static.pdb')，當做沒有偵錯資訊，連結物件
freeglut_staticd.lib(fg_stroke_mono_roman.obj) : warning LNK4099: 找不到 PDB 'freeglut_static.pdb' (有 'freeglut_staticd.lib(fg_stroke_mono_roman.obj)' 或位於 'D:\Computer Graphics\Program\Student\Project\Project2\Metal Slug X\Release\freeglut_static.pdb')，當做沒有偵錯資訊，連結物件
freeglut_staticd.lib(fg_stroke_roman.obj) : warning LNK4099: 找不到 PDB 'freeglut_static.pdb' (有 'freeglut_staticd.lib(fg_stroke_roman.obj)' 或位於 'D:\Computer Graphics\Program\Student\Project\Project2\Metal Slug X\Release\freeglut_static.pdb')，當做沒有偵錯資訊，連結物件
freeglut_staticd.lib(fg_structure.obj) : warning LNK4099: 找不到 PDB 'freeglut_static.pdb' (有 'freeglut_staticd.lib(fg_structure.obj)' 或位於 'D:\Computer Graphics\Program\Student\Project\Project2\Metal Slug X\Release\freeglut_static.pdb')，當做沒有偵錯資訊，連結物件
freeglut_staticd.lib(fg_teapot.obj) : warning LNK4099: 找不到 PDB 'freeglut_static.pdb' (有 'freeglut_staticd.lib(fg_teapot.obj)' 或位於 'D:\Computer Graphics\Program\Student\Project\Project2\Metal Slug X\Release\freeglut_static.pdb')，當做沒有偵錯資訊，連結物件
freeglut_staticd.lib(fg_videoresize.obj) : warning LNK4099: 找不到 PDB 'freeglut_static.pdb' (有 'freeglut_staticd.lib(fg_videoresize.obj)' 或位於 'D:\Computer Graphics\Program\Student\Project\Project2\Metal Slug X\Release\freeglut_static.pdb')，當做沒有偵錯資訊，連結物件
freeglut_staticd.lib(fg_window.obj) : warning LNK4099: 找不到 PDB 'freeglut_static.pdb' (有 'freeglut_staticd.lib(fg_window.obj)' 或位於 'D:\Computer Graphics\Program\Student\Project\Project2\Metal Slug X\Release\freeglut_static.pdb')，當做沒有偵錯資訊，連結物件
freeglut_staticd.lib(fg_font.obj) : warning LNK4099: 找不到 PDB 'freeglut_static.pdb' (有 'freeglut_staticd.lib(fg_font.obj)' 或位於 'D:\Computer Graphics\Program\Student\Project\Project2\Metal Slug X\Release\freeglut_static.pdb')，當做沒有偵錯資訊，連結物件
freeglut_staticd.lib(fg_menu.obj) : warning LNK4099: 找不到 PDB 'freeglut_static.pdb' (有 'freeglut_staticd.lib(fg_menu.obj)' 或位於 'D:\Computer Graphics\Program\Student\Project\Project2\Metal Slug X\Release\freeglut_static.pdb')，當做沒有偵錯資訊，連結物件
freeglut_staticd.lib(fg_cursor_mswin.obj) : warning LNK4099: 找不到 PDB 'freeglut_static.pdb' (有 'freeglut_staticd.lib(fg_cursor_mswin.obj)' 或位於 'D:\Computer Graphics\Program\Student\Project\Project2\Metal Slug X\Release\freeglut_static.pdb')，當做沒有偵錯資訊，連結物件
freeglut_staticd.lib(fg_display_mswin.obj) : warning LNK4099: 找不到 PDB 'freeglut_static.pdb' (有 'freeglut_staticd.lib(fg_display_mswin.obj)' 或位於 'D:\Computer Graphics\Program\Student\Project\Project2\Metal Slug X\Release\freeglut_static.pdb')，當做沒有偵錯資訊，連結物件
freeglut_staticd.lib(fg_ext_mswin.obj) : warning LNK4099: 找不到 PDB 'freeglut_static.pdb' (有 'freeglut_staticd.lib(fg_ext_mswin.obj)' 或位於 'D:\Computer Graphics\Program\Student\Project\Project2\Metal Slug X\Release\freeglut_static.pdb')，當做沒有偵錯資訊，連結物件
freeglut_staticd.lib(fg_gamemode_mswin.obj) : warning LNK4099: 找不到 PDB 'freeglut_static.pdb' (有 'freeglut_staticd.lib(fg_gamemode_mswin.obj)' 或位於 'D:\Computer Graphics\Program\Student\Project\Project2\Metal Slug X\Release\freeglut_static.pdb')，當做沒有偵錯資訊，連結物件
freeglut_staticd.lib(fg_init_mswin.obj) : warning LNK4099: 找不到 PDB 'freeglut_static.pdb' (有 'freeglut_staticd.lib(fg_init_mswin.obj)' 或位於 'D:\Computer Graphics\Program\Student\Project\Project2\Metal Slug X\Release\freeglut_static.pdb')，當做沒有偵錯資訊，連結物件
freeglut_staticd.lib(fg_input_devices_mswin.obj) : warning LNK4099: 找不到 PDB 'freeglut_static.pdb' (有 'freeglut_staticd.lib(fg_input_devices_mswin.obj)' 或位於 'D:\Computer Graphics\Program\Student\Project\Project2\Metal Slug X\Release\freeglut_static.pdb')，當做沒有偵錯資訊，連結物件
freeglut_staticd.lib(fg_joystick_mswin.obj) : warning LNK4099: 找不到 PDB 'freeglut_static.pdb' (有 'freeglut_staticd.lib(fg_joystick_mswin.obj)' 或位於 'D:\Computer Graphics\Program\Student\Project\Project2\Metal Slug X\Release\freeglut_static.pdb')，當做沒有偵錯資訊，連結物件
freeglut_staticd.lib(fg_main_mswin.obj) : warning LNK4099: 找不到 PDB 'freeglut_static.pdb' (有 'freeglut_staticd.lib(fg_main_mswin.obj)' 或位於 'D:\Computer Graphics\Program\Student\Project\Project2\Metal Slug X\Release\freeglut_static.pdb')，當做沒有偵錯資訊，連結物件
freeglut_staticd.lib(fg_menu_mswin.obj) : warning LNK4099: 找不到 PDB 'freeglut_static.pdb' (有 'freeglut_staticd.lib(fg_menu_mswin.obj)' 或位於 'D:\Computer Graphics\Program\Student\Project\Project2\Metal Slug X\Release\freeglut_static.pdb')，當做沒有偵錯資訊，連結物件
freeglut_staticd.lib(fg_spaceball_mswin.obj) : warning LNK4099: 找不到 PDB 'freeglut_static.pdb' (有 'freeglut_staticd.lib(fg_spaceball_mswin.obj)' 或位於 'D:\Computer Graphics\Program\Student\Project\Project2\Metal Slug X\Release\freeglut_static.pdb')，當做沒有偵錯資訊，連結物件
freeglut_staticd.lib(fg_state_mswin.obj) : warning LNK4099: 找不到 PDB 'freeglut_static.pdb' (有 'freeglut_staticd.lib(fg_state_mswin.obj)' 或位於 'D:\Computer Graphics\Program\Student\Project\Project2\Metal Slug X\Release\freeglut_static.pdb')，當做沒有偵錯資訊，連結物件
freeglut_staticd.lib(fg_structure_mswin.obj) : warning LNK4099: 找不到 PDB 'freeglut_static.pdb' (有 'freeglut_staticd.lib(fg_structure_mswin.obj)' 或位於 'D:\Computer Graphics\Program\Student\Project\Project2\Metal Slug X\Release\freeglut_static.pdb')，當做沒有偵錯資訊，連結物件
freeglut_staticd.lib(fg_window_mswin.obj) : warning LNK4099: 找不到 PDB 'freeglut_static.pdb' (有 'freeglut_staticd.lib(fg_window_mswin.obj)' 或位於 'D:\Computer Graphics\Program\Student\Project\Project2\Metal Slug X\Release\freeglut_static.pdb')，當做沒有偵錯資訊，連結物件
freeglut_staticd.lib(xparsegeometry_repl.obj) : warning LNK4099: 找不到 PDB 'freeglut_static.pdb' (有 'freeglut_staticd.lib(xparsegeometry_repl.obj)' 或位於 'D:\Computer Graphics\Program\Student\Project\Project2\Metal Slug X\Release\freeglut_static.pdb')，當做沒有偵錯資訊，連結物件
  Metal Slug X.vcxproj -> D:\Computer Graphics\Program\Student\Project\Project2\Metal Slug X\Release\Metal Slug X.exe
