  CubemapShader.cpp
d:\computer graphics\program\student\project\project1\patlabort53_supernew_withautorun\patlabort53\cubemapshader.h(13): warning C4091: 'typedef ': 當沒有宣告變數時，忽略 'CubemapTexture' 的左方
d:\computer graphics\program\student\project\project1\patlabort53_supernew_withautorun\patlabort53\cubemapshader.cpp(134): warning C4018: '<': signed/unsigned 不相符
d:\computer graphics\program\student\project\project1\patlabort53_supernew_withautorun\patlabort53\cubemapshader.cpp(349): warning C4018: '<': signed/unsigned 不相符
d:\computer graphics\program\student\project\project1\patlabort53_supernew_withautorun\patlabort53\cubemapshader.cpp(351): warning C4018: '<': signed/unsigned 不相符
d:\computer graphics\program\student\project\project1\patlabort53_supernew_withautorun\patlabort53\cubemapshader.cpp(462): warning C4244: '正在初始化': 將 'int' 轉換為 'float'，由於類型不同，可能導致資料遺失
  main.cpp
d:\computer graphics\program\student\project\project1\patlabort53_supernew_withautorun\patlabort53\cubemapshader.h(13): warning C4091: 'typedef ': 當沒有宣告變數時，忽略 'CubemapTexture' 的左方
d:\computer graphics\program\student\project\project1\patlabort53_supernew_withautorun\patlabort53\main.cpp(250): warning C4018: '<': signed/unsigned 不相符
d:\computer graphics\program\student\project\project1\patlabort53_supernew_withautorun\patlabort53\main.cpp(385): warning C4244: '正在初始化': 將 'double' 轉換為 'float'，由於類型不同，可能導致資料遺失
d:\computer graphics\program\student\project\project1\patlabort53_supernew_withautorun\patlabort53\main.cpp(440): warning C4018: '<': signed/unsigned 不相符
d:\computer graphics\program\student\project\project1\patlabort53_supernew_withautorun\patlabort53\main.cpp(480): warning C4305: '引數': 從 'double' 轉換為 'float'，是由較大的類型轉換為較小的類型，可能導致資料遺失
d:\computer graphics\program\student\project\project1\patlabort53_supernew_withautorun\patlabort53\main.cpp(488): warning C4305: '引數': 從 'double' 轉換為 'float'，是由較大的類型轉換為較小的類型，可能導致資料遺失
d:\computer graphics\program\student\project\project1\patlabort53_supernew_withautorun\patlabort53\main.cpp(494): warning C4305: '引數': 從 'double' 轉換為 'float'，是由較大的類型轉換為較小的類型，可能導致資料遺失
d:\computer graphics\program\student\project\project1\patlabort53_supernew_withautorun\patlabort53\main.cpp(500): warning C4305: '引數': 從 'double' 轉換為 'float'，是由較大的類型轉換為較小的類型，可能導致資料遺失
d:\computer graphics\program\student\project\project1\patlabort53_supernew_withautorun\patlabort53\main.cpp(508): warning C4305: '引數': 從 'double' 轉換為 'float'，是由較大的類型轉換為較小的類型，可能導致資料遺失
d:\computer graphics\program\student\project\project1\patlabort53_supernew_withautorun\patlabort53\main.cpp(514): warning C4305: '引數': 從 'double' 轉換為 'float'，是由較大的類型轉換為較小的類型，可能導致資料遺失
d:\computer graphics\program\student\project\project1\patlabort53_supernew_withautorun\patlabort53\main.cpp(520): warning C4305: '引數': 從 'double' 轉換為 'float'，是由較大的類型轉換為較小的類型，可能導致資料遺失
d:\computer graphics\program\student\project\project1\patlabort53_supernew_withautorun\patlabort53\main.cpp(528): warning C4305: '引數': 從 'double' 轉換為 'float'，是由較大的類型轉換為較小的類型，可能導致資料遺失
d:\computer graphics\program\student\project\project1\patlabort53_supernew_withautorun\patlabort53\main.cpp(534): warning C4305: '引數': 從 'double' 轉換為 'float'，是由較大的類型轉換為較小的類型，可能導致資料遺失
d:\computer graphics\program\student\project\project1\patlabort53_supernew_withautorun\patlabort53\main.cpp(540): warning C4305: '引數': 從 'double' 轉換為 'float'，是由較大的類型轉換為較小的類型，可能導致資料遺失
d:\computer graphics\program\student\project\project1\patlabort53_supernew_withautorun\patlabort53\main.cpp(548): warning C4305: '引數': 從 'double' 轉換為 'float'，是由較大的類型轉換為較小的類型，可能導致資料遺失
d:\computer graphics\program\student\project\project1\patlabort53_supernew_withautorun\patlabort53\main.cpp(554): warning C4305: '引數': 從 'double' 轉換為 'float'，是由較大的類型轉換為較小的類型，可能導致資料遺失
d:\computer graphics\program\student\project\project1\patlabort53_supernew_withautorun\patlabort53\main.cpp(560): warning C4305: '引數': 從 'double' 轉換為 'float'，是由較大的類型轉換為較小的類型，可能導致資料遺失
d:\computer graphics\program\student\project\project1\patlabort53_supernew_withautorun\patlabort53\main.cpp(590): warning C4244: '正在初始化': 將 'double' 轉換為 'float'，由於類型不同，可能導致資料遺失
d:\computer graphics\program\student\project\project1\patlabort53_supernew_withautorun\patlabort53\main.cpp(621): warning C4305: '-=': 從 'double' 轉換為 'float'，是由較大的類型轉換為較小的類型，可能導致資料遺失
d:\computer graphics\program\student\project\project1\patlabort53_supernew_withautorun\patlabort53\main.cpp(625): warning C4305: '+=': 從 'double' 轉換為 'float'，是由較大的類型轉換為較小的類型，可能導致資料遺失
d:\computer graphics\program\student\project\project1\patlabort53_supernew_withautorun\patlabort53\main.cpp(881): warning C4305: '-=': 從 'double' 轉換為 'float'，是由較大的類型轉換為較小的類型，可能導致資料遺失
d:\computer graphics\program\student\project\project1\patlabort53_supernew_withautorun\patlabort53\main.cpp(904): warning C4305: '+=': 從 'double' 轉換為 'float'，是由較大的類型轉換為較小的類型，可能導致資料遺失
d:\computer graphics\program\student\project\project1\patlabort53_supernew_withautorun\patlabort53\main.cpp(1078): warning C4305: '+=': 從 'double' 轉換為 'float'，是由較大的類型轉換為較小的類型，可能導致資料遺失
d:\computer graphics\program\student\project\project1\patlabort53_supernew_withautorun\patlabort53\main.cpp(1093): warning C4305: '-=': 從 'double' 轉換為 'float'，是由較大的類型轉換為較小的類型，可能導致資料遺失
d:\computer graphics\program\student\project\project1\patlabort53_supernew_withautorun\patlabort53\main.cpp(1109): warning C4305: '+=': 從 'double' 轉換為 'float'，是由較大的類型轉換為較小的類型，可能導致資料遺失
d:\computer graphics\program\student\project\project1\patlabort53_supernew_withautorun\patlabort53\main.cpp(1124): warning C4305: '-=': 從 'double' 轉換為 'float'，是由較大的類型轉換為較小的類型，可能導致資料遺失
d:\computer graphics\program\student\project\project1\patlabort53_supernew_withautorun\patlabort53\main.cpp(1153): warning C4305: '+=': 從 'double' 轉換為 'float'，是由較大的類型轉換為較小的類型，可能導致資料遺失
d:\computer graphics\program\student\project\project1\patlabort53_supernew_withautorun\patlabort53\main.cpp(1168): warning C4305: '-=': 從 'double' 轉換為 'float'，是由較大的類型轉換為較小的類型，可能導致資料遺失
d:\computer graphics\program\student\project\project1\patlabort53_supernew_withautorun\patlabort53\main.cpp(1183): warning C4305: '+=': 從 'double' 轉換為 'float'，是由較大的類型轉換為較小的類型，可能導致資料遺失
d:\computer graphics\program\student\project\project1\patlabort53_supernew_withautorun\patlabort53\main.cpp(1198): warning C4305: '-=': 從 'double' 轉換為 'float'，是由較大的類型轉換為較小的類型，可能導致資料遺失
d:\computer graphics\program\student\project\project1\patlabort53_supernew_withautorun\patlabort53\main.cpp(1234): warning C4305: '-=': 從 'double' 轉換為 'float'，是由較大的類型轉換為較小的類型，可能導致資料遺失
d:\computer graphics\program\student\project\project1\patlabort53_supernew_withautorun\patlabort53\main.cpp(1262): warning C4305: '-=': 從 'double' 轉換為 'float'，是由較大的類型轉換為較小的類型，可能導致資料遺失
d:\computer graphics\program\student\project\project1\patlabort53_supernew_withautorun\patlabort53\main.cpp(1290): warning C4305: '-=': 從 'double' 轉換為 'float'，是由較大的類型轉換為較小的類型，可能導致資料遺失
d:\computer graphics\program\student\project\project1\patlabort53_supernew_withautorun\patlabort53\main.cpp(1318): warning C4305: '+=': 從 'double' 轉換為 'float'，是由較大的類型轉換為較小的類型，可能導致資料遺失
d:\computer graphics\program\student\project\project1\patlabort53_supernew_withautorun\patlabort53\main.cpp(1346): warning C4305: '+=': 從 'double' 轉換為 'float'，是由較大的類型轉換為較小的類型，可能導致資料遺失
d:\computer graphics\program\student\project\project1\patlabort53_supernew_withautorun\patlabort53\main.cpp(1374): warning C4305: '+=': 從 'double' 轉換為 'float'，是由較大的類型轉換為較小的類型，可能導致資料遺失
d:\computer graphics\program\student\project\project1\patlabort53_supernew_withautorun\patlabort53\main.cpp(1401): warning C4305: '-=': 從 'double' 轉換為 'float'，是由較大的類型轉換為較小的類型，可能導致資料遺失
d:\computer graphics\program\student\project\project1\patlabort53_supernew_withautorun\patlabort53\main.cpp(1422): warning C4305: '+=': 從 'double' 轉換為 'float'，是由較大的類型轉換為較小的類型，可能導致資料遺失
d:\computer graphics\program\student\project\project1\patlabort53_supernew_withautorun\patlabort53\main.cpp(1434): warning C4305: '+=': 從 'double' 轉換為 'float'，是由較大的類型轉換為較小的類型，可能導致資料遺失
d:\computer graphics\program\student\project\project1\patlabort53_supernew_withautorun\patlabort53\main.cpp(1445): warning C4305: '+=': 從 'double' 轉換為 'float'，是由較大的類型轉換為較小的類型，可能導致資料遺失
d:\computer graphics\program\student\project\project1\patlabort53_supernew_withautorun\patlabort53\main.cpp(1454): warning C4305: '+=': 從 'double' 轉換為 'float'，是由較大的類型轉換為較小的類型，可能導致資料遺失
d:\computer graphics\program\student\project\project1\patlabort53_supernew_withautorun\patlabort53\main.cpp(1466): warning C4305: '+=': 從 'double' 轉換為 'float'，是由較大的類型轉換為較小的類型，可能導致資料遺失
d:\computer graphics\program\student\project\project1\patlabort53_supernew_withautorun\patlabort53\main.cpp(1472): warning C4305: '+=': 從 'double' 轉換為 'float'，是由較大的類型轉換為較小的類型，可能導致資料遺失
d:\computer graphics\program\student\project\project1\patlabort53_supernew_withautorun\patlabort53\main.cpp(1479): warning C4305: '-=': 從 'double' 轉換為 'float'，是由較大的類型轉換為較小的類型，可能導致資料遺失
d:\computer graphics\program\student\project\project1\patlabort53_supernew_withautorun\patlabort53\main.cpp(1485): warning C4305: '-=': 從 'double' 轉換為 'float'，是由較大的類型轉換為較小的類型，可能導致資料遺失
d:\computer graphics\program\student\project\project1\patlabort53_supernew_withautorun\patlabort53\main.cpp(1499): warning C4305: '-=': 從 'double' 轉換為 'float'，是由較大的類型轉換為較小的類型，可能導致資料遺失
d:\computer graphics\program\student\project\project1\patlabort53_supernew_withautorun\patlabort53\main.cpp(1511): warning C4305: '-=': 從 'double' 轉換為 'float'，是由較大的類型轉換為較小的類型，可能導致資料遺失
d:\computer graphics\program\student\project\project1\patlabort53_supernew_withautorun\patlabort53\main.cpp(1522): warning C4305: '-=': 從 'double' 轉換為 'float'，是由較大的類型轉換為較小的類型，可能導致資料遺失
d:\computer graphics\program\student\project\project1\patlabort53_supernew_withautorun\patlabort53\main.cpp(1580): warning C4305: '-=': 從 'double' 轉換為 'float'，是由較大的類型轉換為較小的類型，可能導致資料遺失
d:\computer graphics\program\student\project\project1\patlabort53_supernew_withautorun\patlabort53\main.cpp(1623): warning C4305: '+=': 從 'double' 轉換為 'float'，是由較大的類型轉換為較小的類型，可能導致資料遺失
d:\computer graphics\program\student\project\project1\patlabort53_supernew_withautorun\patlabort53\main.cpp(1659): warning C4305: '-=': 從 'double' 轉換為 'float'，是由較大的類型轉換為較小的類型，可能導致資料遺失
d:\computer graphics\program\student\project\project1\patlabort53_supernew_withautorun\patlabort53\main.cpp(1660): warning C4305: '+=': 從 'double' 轉換為 'float'，是由較大的類型轉換為較小的類型，可能導致資料遺失
d:\computer graphics\program\student\project\project1\patlabort53_supernew_withautorun\patlabort53\main.cpp(1674): warning C4305: '-=': 從 'double' 轉換為 'float'，是由較大的類型轉換為較小的類型，可能導致資料遺失
d:\computer graphics\program\student\project\project1\patlabort53_supernew_withautorun\patlabort53\main.cpp(1675): warning C4305: '+=': 從 'double' 轉換為 'float'，是由較大的類型轉換為較小的類型，可能導致資料遺失
d:\computer graphics\program\student\project\project1\patlabort53_supernew_withautorun\patlabort53\main.cpp(1757): warning C4305: '-=': 從 'double' 轉換為 'float'，是由較大的類型轉換為較小的類型，可能導致資料遺失
d:\computer graphics\program\student\project\project1\patlabort53_supernew_withautorun\patlabort53\main.cpp(1765): warning C4305: '+=': 從 'double' 轉換為 'float'，是由較大的類型轉換為較小的類型，可能導致資料遺失
d:\computer graphics\program\student\project\project1\patlabort53_supernew_withautorun\patlabort53\main.cpp(1772): warning C4305: '+=': 從 'double' 轉換為 'float'，是由較大的類型轉換為較小的類型，可能導致資料遺失
d:\computer graphics\program\student\project\project1\patlabort53_supernew_withautorun\patlabort53\main.cpp(1779): warning C4305: '+=': 從 'double' 轉換為 'float'，是由較大的類型轉換為較小的類型，可能導致資料遺失
d:\computer graphics\program\student\project\project1\patlabort53_supernew_withautorun\patlabort53\main.cpp(1786): warning C4305: '+=': 從 'double' 轉換為 'float'，是由較大的類型轉換為較小的類型，可能導致資料遺失
d:\computer graphics\program\student\project\project1\patlabort53_supernew_withautorun\patlabort53\main.cpp(1793): warning C4305: '+=': 從 'double' 轉換為 'float'，是由較大的類型轉換為較小的類型，可能導致資料遺失
d:\computer graphics\program\student\project\project1\patlabort53_supernew_withautorun\patlabort53\main.cpp(1801): warning C4305: '+=': 從 'double' 轉換為 'float'，是由較大的類型轉換為較小的類型，可能導致資料遺失
d:\computer graphics\program\student\project\project1\patlabort53_supernew_withautorun\patlabort53\main.cpp(1845): warning C4305: '+=': 從 'double' 轉換為 'float'，是由較大的類型轉換為較小的類型，可能導致資料遺失
d:\computer graphics\program\student\project\project1\patlabort53_supernew_withautorun\patlabort53\main.cpp(1853): warning C4305: '-=': 從 'double' 轉換為 'float'，是由較大的類型轉換為較小的類型，可能導致資料遺失
d:\computer graphics\program\student\project\project1\patlabort53_supernew_withautorun\patlabort53\main.cpp(1860): warning C4305: '-=': 從 'double' 轉換為 'float'，是由較大的類型轉換為較小的類型，可能導致資料遺失
d:\computer graphics\program\student\project\project1\patlabort53_supernew_withautorun\patlabort53\main.cpp(1867): warning C4305: '-=': 從 'double' 轉換為 'float'，是由較大的類型轉換為較小的類型，可能導致資料遺失
d:\computer graphics\program\student\project\project1\patlabort53_supernew_withautorun\patlabort53\main.cpp(1874): warning C4305: '-=': 從 'double' 轉換為 'float'，是由較大的類型轉換為較小的類型，可能導致資料遺失
d:\computer graphics\program\student\project\project1\patlabort53_supernew_withautorun\patlabort53\main.cpp(1881): warning C4305: '-=': 從 'double' 轉換為 'float'，是由較大的類型轉換為較小的類型，可能導致資料遺失
d:\computer graphics\program\student\project\project1\patlabort53_supernew_withautorun\patlabort53\main.cpp(1889): warning C4305: '-=': 從 'double' 轉換為 'float'，是由較大的類型轉換為較小的類型，可能導致資料遺失
d:\computer graphics\program\student\project\project1\patlabort53_supernew_withautorun\patlabort53\main.cpp(1932): warning C4305: '-=': 從 'double' 轉換為 'float'，是由較大的類型轉換為較小的類型，可能導致資料遺失
d:\computer graphics\program\student\project\project1\patlabort53_supernew_withautorun\patlabort53\main.cpp(2059): warning C4305: '+=': 從 'double' 轉換為 'float'，是由較大的類型轉換為較小的類型，可能導致資料遺失
d:\computer graphics\program\student\project\project1\patlabort53_supernew_withautorun\patlabort53\main.cpp(2512): warning C4305: '+=': 從 'double' 轉換為 'float'，是由較大的類型轉換為較小的類型，可能導致資料遺失
d:\computer graphics\program\student\project\project1\patlabort53_supernew_withautorun\patlabort53\main.cpp(2525): warning C4305: '-=': 從 'double' 轉換為 'float'，是由較大的類型轉換為較小的類型，可能導致資料遺失
  objloader.cpp
d:\computer graphics\program\student\project\project1\patlabort53_supernew_withautorun\patlabort53\objloader.cpp(166): warning C4477: 'fscanf' : 格式字串 '%s' 需要 'char *' 類型的引數，但 variadic 引數 1 的類型為 'std::string'
  正在產生程式碼...
glew32sd.lib(glew.obj) : warning LNK4099: 找不到 PDB 'glew_static.pdb' (有 'glew32sd.lib(glew.obj)' 或位於 'D:\Computer Graphics\Program\Student\Project\Project1\PatlaborT53_superNew_withAutoRun\Debug\glew_static.pdb')，當做沒有偵錯資訊，連結物件
freeglut_staticd.lib(fg_callbacks.obj) : warning LNK4099: 找不到 PDB 'freeglut_static.pdb' (有 'freeglut_staticd.lib(fg_callbacks.obj)' 或位於 'D:\Computer Graphics\Program\Student\Project\Project1\PatlaborT53_superNew_withAutoRun\Debug\freeglut_static.pdb')，當做沒有偵錯資訊，連結物件
freeglut_staticd.lib(fg_cursor.obj) : warning LNK4099: 找不到 PDB 'freeglut_static.pdb' (有 'freeglut_staticd.lib(fg_cursor.obj)' 或位於 'D:\Computer Graphics\Program\Student\Project\Project1\PatlaborT53_superNew_withAutoRun\Debug\freeglut_static.pdb')，當做沒有偵錯資訊，連結物件
freeglut_staticd.lib(fg_display.obj) : warning LNK4099: 找不到 PDB 'freeglut_static.pdb' (有 'freeglut_staticd.lib(fg_display.obj)' 或位於 'D:\Computer Graphics\Program\Student\Project\Project1\PatlaborT53_superNew_withAutoRun\Debug\freeglut_static.pdb')，當做沒有偵錯資訊，連結物件
freeglut_staticd.lib(fg_ext.obj) : warning LNK4099: 找不到 PDB 'freeglut_static.pdb' (有 'freeglut_staticd.lib(fg_ext.obj)' 或位於 'D:\Computer Graphics\Program\Student\Project\Project1\PatlaborT53_superNew_withAutoRun\Debug\freeglut_static.pdb')，當做沒有偵錯資訊，連結物件
freeglut_staticd.lib(fg_font_data.obj) : warning LNK4099: 找不到 PDB 'freeglut_static.pdb' (有 'freeglut_staticd.lib(fg_font_data.obj)' 或位於 'D:\Computer Graphics\Program\Student\Project\Project1\PatlaborT53_superNew_withAutoRun\Debug\freeglut_static.pdb')，當做沒有偵錯資訊，連結物件
freeglut_staticd.lib(fg_gamemode.obj) : warning LNK4099: 找不到 PDB 'freeglut_static.pdb' (有 'freeglut_staticd.lib(fg_gamemode.obj)' 或位於 'D:\Computer Graphics\Program\Student\Project\Project1\PatlaborT53_superNew_withAutoRun\Debug\freeglut_static.pdb')，當做沒有偵錯資訊，連結物件
freeglut_staticd.lib(fg_geometry.obj) : warning LNK4099: 找不到 PDB 'freeglut_static.pdb' (有 'freeglut_staticd.lib(fg_geometry.obj)' 或位於 'D:\Computer Graphics\Program\Student\Project\Project1\PatlaborT53_superNew_withAutoRun\Debug\freeglut_static.pdb')，當做沒有偵錯資訊，連結物件
freeglut_staticd.lib(fg_gl2.obj) : warning LNK4099: 找不到 PDB 'freeglut_static.pdb' (有 'freeglut_staticd.lib(fg_gl2.obj)' 或位於 'D:\Computer Graphics\Program\Student\Project\Project1\PatlaborT53_superNew_withAutoRun\Debug\freeglut_static.pdb')，當做沒有偵錯資訊，連結物件
freeglut_staticd.lib(fg_init.obj) : warning LNK4099: 找不到 PDB 'freeglut_static.pdb' (有 'freeglut_staticd.lib(fg_init.obj)' 或位於 'D:\Computer Graphics\Program\Student\Project\Project1\PatlaborT53_superNew_withAutoRun\Debug\freeglut_static.pdb')，當做沒有偵錯資訊，連結物件
freeglut_staticd.lib(fg_input_devices.obj) : warning LNK4099: 找不到 PDB 'freeglut_static.pdb' (有 'freeglut_staticd.lib(fg_input_devices.obj)' 或位於 'D:\Computer Graphics\Program\Student\Project\Project1\PatlaborT53_superNew_withAutoRun\Debug\freeglut_static.pdb')，當做沒有偵錯資訊，連結物件
freeglut_staticd.lib(fg_joystick.obj) : warning LNK4099: 找不到 PDB 'freeglut_static.pdb' (有 'freeglut_staticd.lib(fg_joystick.obj)' 或位於 'D:\Computer Graphics\Program\Student\Project\Project1\PatlaborT53_superNew_withAutoRun\Debug\freeglut_static.pdb')，當做沒有偵錯資訊，連結物件
freeglut_staticd.lib(fg_main.obj) : warning LNK4099: 找不到 PDB 'freeglut_static.pdb' (有 'freeglut_staticd.lib(fg_main.obj)' 或位於 'D:\Computer Graphics\Program\Student\Project\Project1\PatlaborT53_superNew_withAutoRun\Debug\freeglut_static.pdb')，當做沒有偵錯資訊，連結物件
freeglut_staticd.lib(fg_misc.obj) : warning LNK4099: 找不到 PDB 'freeglut_static.pdb' (有 'freeglut_staticd.lib(fg_misc.obj)' 或位於 'D:\Computer Graphics\Program\Student\Project\Project1\PatlaborT53_superNew_withAutoRun\Debug\freeglut_static.pdb')，當做沒有偵錯資訊，連結物件
freeglut_staticd.lib(fg_overlay.obj) : warning LNK4099: 找不到 PDB 'freeglut_static.pdb' (有 'freeglut_staticd.lib(fg_overlay.obj)' 或位於 'D:\Computer Graphics\Program\Student\Project\Project1\PatlaborT53_superNew_withAutoRun\Debug\freeglut_static.pdb')，當做沒有偵錯資訊，連結物件
freeglut_staticd.lib(fg_spaceball.obj) : warning LNK4099: 找不到 PDB 'freeglut_static.pdb' (有 'freeglut_staticd.lib(fg_spaceball.obj)' 或位於 'D:\Computer Graphics\Program\Student\Project\Project1\PatlaborT53_superNew_withAutoRun\Debug\freeglut_static.pdb')，當做沒有偵錯資訊，連結物件
freeglut_staticd.lib(fg_state.obj) : warning LNK4099: 找不到 PDB 'freeglut_static.pdb' (有 'freeglut_staticd.lib(fg_state.obj)' 或位於 'D:\Computer Graphics\Program\Student\Project\Project1\PatlaborT53_superNew_withAutoRun\Debug\freeglut_static.pdb')，當做沒有偵錯資訊，連結物件
freeglut_staticd.lib(fg_stroke_mono_roman.obj) : warning LNK4099: 找不到 PDB 'freeglut_static.pdb' (有 'freeglut_staticd.lib(fg_stroke_mono_roman.obj)' 或位於 'D:\Computer Graphics\Program\Student\Project\Project1\PatlaborT53_superNew_withAutoRun\Debug\freeglut_static.pdb')，當做沒有偵錯資訊，連結物件
freeglut_staticd.lib(fg_stroke_roman.obj) : warning LNK4099: 找不到 PDB 'freeglut_static.pdb' (有 'freeglut_staticd.lib(fg_stroke_roman.obj)' 或位於 'D:\Computer Graphics\Program\Student\Project\Project1\PatlaborT53_superNew_withAutoRun\Debug\freeglut_static.pdb')，當做沒有偵錯資訊，連結物件
freeglut_staticd.lib(fg_structure.obj) : warning LNK4099: 找不到 PDB 'freeglut_static.pdb' (有 'freeglut_staticd.lib(fg_structure.obj)' 或位於 'D:\Computer Graphics\Program\Student\Project\Project1\PatlaborT53_superNew_withAutoRun\Debug\freeglut_static.pdb')，當做沒有偵錯資訊，連結物件
freeglut_staticd.lib(fg_teapot.obj) : warning LNK4099: 找不到 PDB 'freeglut_static.pdb' (有 'freeglut_staticd.lib(fg_teapot.obj)' 或位於 'D:\Computer Graphics\Program\Student\Project\Project1\PatlaborT53_superNew_withAutoRun\Debug\freeglut_static.pdb')，當做沒有偵錯資訊，連結物件
freeglut_staticd.lib(fg_videoresize.obj) : warning LNK4099: 找不到 PDB 'freeglut_static.pdb' (有 'freeglut_staticd.lib(fg_videoresize.obj)' 或位於 'D:\Computer Graphics\Program\Student\Project\Project1\PatlaborT53_superNew_withAutoRun\Debug\freeglut_static.pdb')，當做沒有偵錯資訊，連結物件
freeglut_staticd.lib(fg_window.obj) : warning LNK4099: 找不到 PDB 'freeglut_static.pdb' (有 'freeglut_staticd.lib(fg_window.obj)' 或位於 'D:\Computer Graphics\Program\Student\Project\Project1\PatlaborT53_superNew_withAutoRun\Debug\freeglut_static.pdb')，當做沒有偵錯資訊，連結物件
freeglut_staticd.lib(fg_font.obj) : warning LNK4099: 找不到 PDB 'freeglut_static.pdb' (有 'freeglut_staticd.lib(fg_font.obj)' 或位於 'D:\Computer Graphics\Program\Student\Project\Project1\PatlaborT53_superNew_withAutoRun\Debug\freeglut_static.pdb')，當做沒有偵錯資訊，連結物件
freeglut_staticd.lib(fg_menu.obj) : warning LNK4099: 找不到 PDB 'freeglut_static.pdb' (有 'freeglut_staticd.lib(fg_menu.obj)' 或位於 'D:\Computer Graphics\Program\Student\Project\Project1\PatlaborT53_superNew_withAutoRun\Debug\freeglut_static.pdb')，當做沒有偵錯資訊，連結物件
freeglut_staticd.lib(fg_cursor_mswin.obj) : warning LNK4099: 找不到 PDB 'freeglut_static.pdb' (有 'freeglut_staticd.lib(fg_cursor_mswin.obj)' 或位於 'D:\Computer Graphics\Program\Student\Project\Project1\PatlaborT53_superNew_withAutoRun\Debug\freeglut_static.pdb')，當做沒有偵錯資訊，連結物件
freeglut_staticd.lib(fg_display_mswin.obj) : warning LNK4099: 找不到 PDB 'freeglut_static.pdb' (有 'freeglut_staticd.lib(fg_display_mswin.obj)' 或位於 'D:\Computer Graphics\Program\Student\Project\Project1\PatlaborT53_superNew_withAutoRun\Debug\freeglut_static.pdb')，當做沒有偵錯資訊，連結物件
freeglut_staticd.lib(fg_ext_mswin.obj) : warning LNK4099: 找不到 PDB 'freeglut_static.pdb' (有 'freeglut_staticd.lib(fg_ext_mswin.obj)' 或位於 'D:\Computer Graphics\Program\Student\Project\Project1\PatlaborT53_superNew_withAutoRun\Debug\freeglut_static.pdb')，當做沒有偵錯資訊，連結物件
freeglut_staticd.lib(fg_gamemode_mswin.obj) : warning LNK4099: 找不到 PDB 'freeglut_static.pdb' (有 'freeglut_staticd.lib(fg_gamemode_mswin.obj)' 或位於 'D:\Computer Graphics\Program\Student\Project\Project1\PatlaborT53_superNew_withAutoRun\Debug\freeglut_static.pdb')，當做沒有偵錯資訊，連結物件
freeglut_staticd.lib(fg_init_mswin.obj) : warning LNK4099: 找不到 PDB 'freeglut_static.pdb' (有 'freeglut_staticd.lib(fg_init_mswin.obj)' 或位於 'D:\Computer Graphics\Program\Student\Project\Project1\PatlaborT53_superNew_withAutoRun\Debug\freeglut_static.pdb')，當做沒有偵錯資訊，連結物件
freeglut_staticd.lib(fg_input_devices_mswin.obj) : warning LNK4099: 找不到 PDB 'freeglut_static.pdb' (有 'freeglut_staticd.lib(fg_input_devices_mswin.obj)' 或位於 'D:\Computer Graphics\Program\Student\Project\Project1\PatlaborT53_superNew_withAutoRun\Debug\freeglut_static.pdb')，當做沒有偵錯資訊，連結物件
freeglut_staticd.lib(fg_joystick_mswin.obj) : warning LNK4099: 找不到 PDB 'freeglut_static.pdb' (有 'freeglut_staticd.lib(fg_joystick_mswin.obj)' 或位於 'D:\Computer Graphics\Program\Student\Project\Project1\PatlaborT53_superNew_withAutoRun\Debug\freeglut_static.pdb')，當做沒有偵錯資訊，連結物件
freeglut_staticd.lib(fg_main_mswin.obj) : warning LNK4099: 找不到 PDB 'freeglut_static.pdb' (有 'freeglut_staticd.lib(fg_main_mswin.obj)' 或位於 'D:\Computer Graphics\Program\Student\Project\Project1\PatlaborT53_superNew_withAutoRun\Debug\freeglut_static.pdb')，當做沒有偵錯資訊，連結物件
freeglut_staticd.lib(fg_menu_mswin.obj) : warning LNK4099: 找不到 PDB 'freeglut_static.pdb' (有 'freeglut_staticd.lib(fg_menu_mswin.obj)' 或位於 'D:\Computer Graphics\Program\Student\Project\Project1\PatlaborT53_superNew_withAutoRun\Debug\freeglut_static.pdb')，當做沒有偵錯資訊，連結物件
freeglut_staticd.lib(fg_spaceball_mswin.obj) : warning LNK4099: 找不到 PDB 'freeglut_static.pdb' (有 'freeglut_staticd.lib(fg_spaceball_mswin.obj)' 或位於 'D:\Computer Graphics\Program\Student\Project\Project1\PatlaborT53_superNew_withAutoRun\Debug\freeglut_static.pdb')，當做沒有偵錯資訊，連結物件
freeglut_staticd.lib(fg_state_mswin.obj) : warning LNK4099: 找不到 PDB 'freeglut_static.pdb' (有 'freeglut_staticd.lib(fg_state_mswin.obj)' 或位於 'D:\Computer Graphics\Program\Student\Project\Project1\PatlaborT53_superNew_withAutoRun\Debug\freeglut_static.pdb')，當做沒有偵錯資訊，連結物件
freeglut_staticd.lib(fg_structure_mswin.obj) : warning LNK4099: 找不到 PDB 'freeglut_static.pdb' (有 'freeglut_staticd.lib(fg_structure_mswin.obj)' 或位於 'D:\Computer Graphics\Program\Student\Project\Project1\PatlaborT53_superNew_withAutoRun\Debug\freeglut_static.pdb')，當做沒有偵錯資訊，連結物件
freeglut_staticd.lib(fg_window_mswin.obj) : warning LNK4099: 找不到 PDB 'freeglut_static.pdb' (有 'freeglut_staticd.lib(fg_window_mswin.obj)' 或位於 'D:\Computer Graphics\Program\Student\Project\Project1\PatlaborT53_superNew_withAutoRun\Debug\freeglut_static.pdb')，當做沒有偵錯資訊，連結物件
freeglut_staticd.lib(xparsegeometry_repl.obj) : warning LNK4099: 找不到 PDB 'freeglut_static.pdb' (有 'freeglut_staticd.lib(xparsegeometry_repl.obj)' 或位於 'D:\Computer Graphics\Program\Student\Project\Project1\PatlaborT53_superNew_withAutoRun\Debug\freeglut_static.pdb')，當做沒有偵錯資訊，連結物件
  PatlaborT53.vcxproj -> D:\Computer Graphics\Program\Student\Project\Project1\PatlaborT53_superNew_withAutoRun\Debug\PatlaborT53.exe
